<?xml version="1.0" encoding="UTF-8"?>
<testng-results skipped="0" failed="0" total="2" passed="2">
  <reporter-output>
  </reporter-output>
  <suite name="Default suite" duration-ms="24985" started-at="2020-12-08T06:43:14Z" finished-at="2020-12-08T06:43:39Z">
    <groups>
    </groups>
    <test name="Default test" duration-ms="24985" started-at="2020-12-08T06:43:14Z" finished-at="2020-12-08T06:43:39Z">
      <class name="testPackage.ExtentDemo">
        <test-method status="PASS" signature="StartTest()[pri:0, instance:testPackage.ExtentDemo@4520ebad]" name="StartTest" is-config="true" duration-ms="911" started-at="2020-12-08T12:13:14Z" finished-at="2020-12-08T12:13:15Z">
          <reporter-output>
          </reporter-output>
        </test-method> <!-- StartTest -->
        <test-method status="PASS" signature="OpenUrl()[pri:0, instance:testPackage.ExtentDemo@4520ebad]" name="OpenUrl" duration-ms="22692" started-at="2020-12-08T12:13:15Z" finished-at="2020-12-08T12:13:37Z">
          <reporter-output>
          </reporter-output>
        </test-method> <!-- OpenUrl -->
        <test-method status="PASS" signature="Validate()[pri:0, instance:testPackage.ExtentDemo@4520ebad]" name="Validate" duration-ms="26" started-at="2020-12-08T12:13:37Z" finished-at="2020-12-08T12:13:37Z">
          <reporter-output>
          </reporter-output>
        </test-method> <!-- Validate -->
        <test-method status="PASS" signature="endTest()[pri:0, instance:testPackage.ExtentDemo@4520ebad]" name="endTest" is-config="true" duration-ms="1320" started-at="2020-12-08T12:13:37Z" finished-at="2020-12-08T12:13:39Z">
          <reporter-output>
          </reporter-output>
        </test-method> <!-- endTest -->
      </class> <!-- testPackage.ExtentDemo -->
    </test> <!-- Default test -->
  </suite> <!-- Default suite -->
</testng-results>
